2023/07/16 10:01:55 [notice] 1#1: using the "epoll" event method
2023/07/16 10:01:55 [notice] 1#1: nginx/1.25.1
2023/07/16 10:01:55 [notice] 1#1: built by gcc 12.2.1 20220924 (Alpine 12.2.1_git20220924-r4) 
2023/07/16 10:01:55 [notice] 1#1: OS: Linux 5.15.90.1-microsoft-standard-WSL2
2023/07/16 10:01:55 [notice] 1#1: getrlimit(RLIMIT_NOFILE): 1048576:1048576
2023/07/16 10:01:55 [notice] 1#1: start worker processes
2023/07/16 10:01:55 [notice] 1#1: start worker process 20
2023/07/16 10:01:55 [notice] 1#1: start worker process 21
2023/07/16 10:01:55 [notice] 1#1: start worker process 22
2023/07/16 10:01:55 [notice] 1#1: start worker process 23
2023/07/16 10:01:55 [notice] 1#1: start worker process 24
2023/07/16 10:01:55 [notice] 1#1: start worker process 25
2023/07/16 10:01:55 [notice] 1#1: start worker process 26
2023/07/16 10:01:55 [notice] 1#1: start worker process 27
2023/07/16 10:01:55 [notice] 1#1: start worker process 28
2023/07/16 10:01:55 [notice] 1#1: start worker process 29
2023/07/16 10:01:55 [notice] 1#1: start worker process 30
2023/07/16 10:01:55 [notice] 1#1: start worker process 31
2023/07/16 10:01:55 [notice] 1#1: start worker process 32
2023/07/16 10:01:55 [notice] 1#1: start worker process 33
2023/07/16 10:01:55 [notice] 1#1: start worker process 34
2023/07/16 10:01:55 [notice] 1#1: start worker process 35
2023/07/16 10:02:07 [error] 22#22: *5 open() "/var/www/favicon.ico" failed (2: No such file or directory), client: 172.18.0.1, server: _, request: "GET /favicon.ico HTTP/1.1", host: "localhost", referrer: "http://localhost/"
